<?xml version="1.0" encoding="UTF-8"?>
<!-- Generated by org.testng.reporters.JUnitReportReporter -->
<testsuite hostname="DESKTOP-SSF70G1" failures="0" tests="4" name="com.myntrajio.RegisterTest.RegisterTest" time="8.930" errors="0" timestamp="2024-09-11T17:17:53 IST" skipped="0">
  <testcase classname="com.myntrajio.RegisterTest.RegisterTest" name="registerValidateRegisterButtonSize" time="0.086"/>
  <system-out>
    <![CDATA[----registerValidateRegisterButtonSizeCompleted----
RegisterButtonSize Validated]]>
  </system-out>
  <testcase classname="com.myntrajio.RegisterTest.RegisterTest" name="registerValidateRegisterButtonPosition" time="0.088"/>
  <system-out>
    <![CDATA[----registerValidateRegisterButtonPositionCompleted----
RegisterButtonPosition Validated]]>
  </system-out>
  <testcase classname="com.myntrajio.RegisterTest.RegisterTest" name="registerValidateRegisterButtonColor" time="0.190"/>
  <system-out>
    <![CDATA[----registerValidateRegisterButtonColorCompleted----
RegisterButtonColor Validated]]>
  </system-out>
  <testcase classname="com.myntrajio.RegisterTest.RegisterTest" name="register_validData" time="8.566"/>
  <system-out>
    <![CDATA[----register_validData----
Registerwith valid data Sucess]]>
  </system-out>
</testsuite> <!-- com.myntrajio.RegisterTest.RegisterTest -->
