<?xml version="1.0" encoding="UTF-8"?>
<!-- Generated by org.testng.reporters.JUnitReportReporter -->
<testsuite hostname="DESKTOP-SSF70G1" failures="0" tests="1" name="com.myntrajio.ElectronicproductTest.ElectronicProductTest" time="0.011" errors="0" timestamp="2024-08-19T10:47:05 IST" skipped="0">
  <testcase classname="com.myntrajio.ElectronicproductTest.ElectronicProductTest" name="addProduct" time="0.011"/>
  <system-out>
    <![CDATA[Electronic Product Added Sucess]]>
  </system-out>
</testsuite> <!-- com.myntrajio.ElectronicproductTest.ElectronicProductTest -->
