<?xml version="1.0" encoding="UTF-8"?>
<!-- Generated by org.testng.reporters.JUnitReportReporter -->
<testsuite hostname="DESKTOP-SSF70G1" failures="0" tests="1" name="com.myntrajio.KidsproductTest.KidsProductTest$RegisterTest" time="0.003" errors="0" timestamp="2024-08-19T10:47:05 IST" skipped="0">
  <testcase classname="com.myntrajio.KidsproductTest.KidsProductTest$RegisterTest" name="addproduct" time="0.003"/>
  <system-out>
    <![CDATA[Kids Product Added Sucess]]>
  </system-out>
</testsuite> <!-- com.myntrajio.KidsproductTest.KidsProductTest$RegisterTest -->
