<?xml version="1.0" encoding="UTF-8"?>
<!-- Generated by org.testng.reporters.JUnitReportReporter -->
<testsuite hostname="DESKTOP-SSF70G1" failures="0" tests="1" name="com.myntrajio.RegisterTest.Register1ValidateTest" time="0.187" errors="0" timestamp="2024-09-09T16:51:39 IST" skipped="0">
  <testcase classname="com.myntrajio.RegisterTest.Register1ValidateTest" name="validateColorOfRegisterButton" time="0.187"/>
  <system-out/>
</testsuite> <!-- com.myntrajio.RegisterTest.Register1ValidateTest -->
