<?xml version="1.0" encoding="UTF-8"?>
<!-- Generated by org.testng.reporters.JUnitReportReporter -->
<testsuite hostname="DESKTOP-SSF70G1" failures="0" tests="1" name="com.myntrajio.RegisterTest.ValidateRegister1Test" time="0.385" errors="0" timestamp="2024-09-09T16:18:18 IST" skipped="0">
  <testcase classname="com.myntrajio.RegisterTest.ValidateRegister1Test" name="validateRegisterButton1" time="0.385"/>
  <system-out/>
</testsuite> <!-- com.myntrajio.RegisterTest.ValidateRegister1Test -->
