<?xml version="1.0" encoding="UTF-8"?>
<!-- Generated by org.testng.reporters.JUnitReportReporter -->
<testsuite hostname="DESKTOP-SSF70G1" failures="0" tests="4" name="com.myntrajio.RegisterTest.RegisterTest" time="3.700" errors="0" timestamp="2024-09-09T16:59:44 IST" skipped="0">
  <testcase classname="com.myntrajio.RegisterTest.RegisterTest" name="registerValidateRegisterButtonColor" time="0.228"/>
  <system-out>
    <![CDATA[RegisterButtonColor Validated]]>
  </system-out>
  <testcase classname="com.myntrajio.RegisterTest.RegisterTest" name="registerValidateRegisterButtonSize" time="0.086"/>
  <system-out>
    <![CDATA[RegisterButtonSize Validated]]>
  </system-out>
  <testcase classname="com.myntrajio.RegisterTest.RegisterTest" name="registerValidateRegisterButtonPosition" time="0.111"/>
  <system-out>
    <![CDATA[RegisterButtonPosition Validated]]>
  </system-out>
  <testcase classname="com.myntrajio.RegisterTest.RegisterTest" name="register_validData" time="3.275"/>
  <system-out>
    <![CDATA[Registerwith valid data Sucess]]>
  </system-out>
</testsuite> <!-- com.myntrajio.RegisterTest.RegisterTest -->
