<?xml version="1.0" encoding="UTF-8"?>
<!-- Generated by org.testng.reporters.JUnitReportReporter -->
<testsuite hostname="DESKTOP-SSF70G1" failures="0" tests="1" name="com.myntrajio.WomensProductTest.WomensProductTest" time="0.002" errors="0" timestamp="2024-08-19T10:47:05 IST" skipped="0">
  <testcase classname="com.myntrajio.WomensProductTest.WomensProductTest" name="addproduct" time="0.002"/>
  <system-out>
    <![CDATA[Womens Product Added Sucess]]>
  </system-out>
</testsuite> <!-- com.myntrajio.WomensProductTest.WomensProductTest -->
